2026-02-26T18:03:45.710Z - Attempting to send email to noreply.ecart27@gmail.com - Subject: Booking Confirmed – KUKI Restaurant
2026-02-26T18:03:50.227Z - ✅ Success: Email sent to noreply.ecart27@gmail.com. MessageID: <9499c2f1-d474-3987-3a58-e9e383b31da8@gmail.com>
2026-02-26T18:21:34.328Z - Attempting to send email to noreply.ecart27@gmail.com - Subject: Booking Confirmed – KUKI Restaurant
2026-02-26T18:21:36.828Z - ✅ Success: Email sent to noreply.ecart27@gmail.com. MessageID: <5e44fbfb-0e11-af86-57c5-6d000dfcd594@gmail.com>
2026-02-27T05:56:57.803Z - Attempting to send email to noreply.ecart27@gmail.com - Subject: Booking Confirmed – KUKI Restaurant
2026-02-27T05:57:00.222Z - ✅ Success: Email sent to noreply.ecart27@gmail.com. MessageID: <0c301dab-e428-7145-2ebe-0686485c44ab@gmail.com>
2026-02-27T06:01:42.208Z - Attempting to send email to noreply.ecart27@gmail.com - Subject: Booking Confirmed – KUKI Restaurant
2026-02-27T06:01:44.889Z - ✅ Success: Email sent to noreply.ecart27@gmail.com. MessageID: <d488b623-0c19-6320-7213-bbf70f6e83bf@gmail.com>
2026-02-27T06:05:14.272Z - Attempting to send email to mansenghani6@gmail.com - Subject: Booking Confirmed – KUKI Restaurant
2026-02-27T06:05:16.662Z - ✅ Success: Email sent to mansenghani6@gmail.com. MessageID: <c148fc9c-260c-674d-592c-a66b86fde21d@gmail.com>
2026-02-27T06:06:43.875Z - Attempting to send email to noreply.ecart27@gmail.com - Subject: Booking Confirmed – KUKI Restaurant
2026-02-27T06:06:46.159Z - ✅ Success: Email sent to noreply.ecart27@gmail.com. MessageID: <768763b1-71f4-03f9-a3dd-4a0dc2fc00a8@gmail.com>
2026-02-27T06:07:53.844Z - Attempting to send email to mansenghani7@gmail.com - Subject: Booking Confirmed – KUKI Restaurant
2026-02-27T06:07:56.311Z - ✅ Success: Email sent to mansenghani7@gmail.com. MessageID: <d4ca0c70-9569-d468-3b78-204df8785d9e@gmail.com>
2026-02-27T06:09:21.426Z - Attempting to send email to kalpeshp508@gmail.com - Subject: Booking Confirmed – KUKI Restaurant
2026-02-27T06:09:23.985Z - ✅ Success: Email sent to kalpeshp508@gmail.com. MessageID: <f1cf5ff8-73ca-0e69-2237-4152b85f18d9@gmail.com>
2026-02-27T06:14:09.665Z - Attempting to send email to noreply.ecart27@gmail.com - Subject: Booking Confirmed – KUKI Restaurant
2026-02-27T06:14:12.024Z - ✅ Success: Email sent to noreply.ecart27@gmail.com. MessageID: <99fe86c2-559b-ce77-5df0-a1de6bb971eb@gmail.com>
2026-02-27T06:15:37.061Z - Attempting to send email to mansenghani7@gmail.com - Subject: Booking Confirmed – KUKI Restaurant
2026-02-27T06:15:39.513Z - ✅ Success: Email sent to mansenghani7@gmail.com. MessageID: <e9989d46-5cbd-8e72-ab1c-453c99e03642@gmail.com>
2026-02-27T06:23:35.498Z - Attempting to send email to noreply.ecart27@gmail.com - Subject: Booking Confirmed – KUKI Restaurant
2026-02-27T06:23:37.976Z - ✅ Success: Email sent to noreply.ecart27@gmail.com. MessageID: <81d3015b-9e16-0a62-3d84-0b333a539886@gmail.com>
2026-02-27T06:25:44.657Z - Attempting to send email to mansenghani6@gmail.com - Subject: Booking Confirmed – KUKI Restaurant
2026-02-27T06:25:47.017Z - ✅ Success: Email sent to mansenghani6@gmail.com. MessageID: <c67e531f-9a20-8343-6efa-472b02a5fa3f@gmail.com>
2026-02-27T06:27:55.764Z - Attempting to send email to kukadiyabhavik07@gmail.com - Subject: Booking Confirmed – KUKI Restaurant
2026-02-27T06:27:58.029Z - ✅ Success: Email sent to kukadiyabhavik07@gmail.com. MessageID: <e48bb5bf-e2ea-07a4-3955-aa9728db1681@gmail.com>
2026-02-27T06:33:20.702Z - Attempting to send email to noreply.ecart27@gmail.com - Subject: Your Reservation is Confirmed – KUKI Restaurant
2026-02-27T06:33:23.138Z - ✅ Success: Email sent to noreply.ecart27@gmail.com. MessageID: <96d8b7a0-f095-40bb-3cf8-175759951133@gmail.com>
2026-02-27T06:34:59.775Z - Attempting to send email to mansenghani6@gmail.com - Subject: Your Reservation is Confirmed – KUKI Restaurant
2026-02-27T06:35:02.041Z - ✅ Success: Email sent to mansenghani6@gmail.com. MessageID: <84aea03f-b48c-af87-a745-708160af006f@gmail.com>
2026-02-27T06:35:02.205Z - Attempting to send email to admin@kukirestaurant.com - Subject: Booking Update: shiv  - Confirmed
2026-02-27T06:35:04.486Z - ✅ Success: Email sent to admin@kukirestaurant.com. MessageID: <616051da-3b76-98d5-90ec-276c5e0309e3@gmail.com>
